<?xml version="1.0" encoding="UTF-8"?>
<testng-results ignored="0" total="1" passed="1" failed="0" skipped="0">
  <reporter-output>
  </reporter-output>
  <suite started-at="2022-11-14T11:03:53 IST" name="Default suite" finished-at="2022-11-14T11:04:06 IST" duration-ms="12904">
    <groups>
    </groups>
    <test started-at="2022-11-14T11:03:53 IST" name="Default test" finished-at="2022-11-14T11:04:06 IST" duration-ms="12904">
      <class name="TestNGDemo.systemoutprintstream">
        <test-method is-config="true" signature="Test()[pri:0, instance:TestNGDemo.systemoutprintstream@2a54a73f]" started-at="2022-11-14T11:03:53 IST" name="Test" finished-at="2022-11-14T11:04:05 IST" duration-ms="12370" status="PASS">
          <reporter-output>
          </reporter-output>
        </test-method> <!-- Test -->
        <test-method signature="Test1()[pri:0, instance:TestNGDemo.systemoutprintstream@2a54a73f]" started-at="2022-11-14T11:04:05 IST" name="Test1" finished-at="2022-11-14T11:04:06 IST" duration-ms="422" status="PASS">
          <reporter-output>
          </reporter-output>
        </test-method> <!-- Test1 -->
      </class> <!-- TestNGDemo.systemoutprintstream -->
    </test> <!-- Default test -->
  </suite> <!-- Default suite -->
</testng-results>
